<?xml version="1.0" encoding="UTF-8"?>
<testsuite name="Recipe" skipped="0" failures="0" errors="0" tests="3" assertions="2" time="0.0003474219993222505">
  <testcase name="test_0002_Must initialize name and id properly" classname="Recipe" assertions="0" time="2.8287991881370544e-05">
  </testcase>
  <testcase name="test_0003_Can create a recipe instance" classname="Recipe" assertions="0" time="1.295501715503633e-05">
  </testcase>
  <testcase name="test_0001_Cannot be initialized without parameters" classname="Recipe" assertions="2" time="0.0003061789902858436">
  </testcase>
</testsuite>
