<?xml version="1.0" encoding="UTF-8"?>
<testsuite name="EdamamApiWrapper::Testing self.search" skipped="0" failures="0" errors="0" tests="1" assertions="61" time="1.5461242120072711">
  <testcase name="test_0001_can get a list of recipes" classname="EdamamApiWrapper::Testing self.search" assertions="61" time="1.5461242120072711">
  </testcase>
</testsuite>
