<?xml version="1.0" encoding="UTF-8"?>
<testsuite name="EdamamApiWrapper::Testing self.search" skipped="0" failures="0" errors="0" tests="2" assertions="62" time="0.15692986102658324">
  <testcase name="test_0002_will return an empty array with invalid arguments for edamam" classname="EdamamApiWrapper::Testing self.search" assertions="1" time="0.06485822002287023">
  </testcase>
  <testcase name="test_0001_can get a list of recipes" classname="EdamamApiWrapper::Testing self.search" assertions="61" time="0.09207164100371301">
  </testcase>
</testsuite>
