<?xml version="1.0" encoding="UTF-8"?>
<testsuite name="Recipe" skipped="0" failures="0" errors="0" tests="4" assertions="8" time="0.00045835599303245544">
  <testcase name="test_0001_Cannot be initialized without at least 3 parameters" classname="Recipe" assertions="2" time="0.00028196998755447567">
  </testcase>
  <testcase name="test_0003_Can create a recipe instance" classname="Recipe" assertions="1" time="6.082700565457344e-05">
  </testcase>
  <testcase name="test_0002_Must initialize name, uri and image properly" classname="Recipe" assertions="3" time="6.127599044702947e-05">
  </testcase>
  <testcase name="test_0004_Can create a recipe with optional parameters" classname="Recipe" assertions="2" time="5.428300937637687e-05">
  </testcase>
</testsuite>
