<?xml version="1.0" encoding="UTF-8"?>
<testsuite name="Recipe" skipped="0" failures="0" errors="0" tests="5" assertions="12" time="0.0005679688765667379">
  <testcase name="test_0002_Must initialize name, uri and image properly" classname="Recipe" assertions="3" time="8.59499559737742e-05">
  </testcase>
  <testcase name="test_0001_Cannot be initialized without at least 3 parameters" classname="Recipe" assertions="3" time="0.00033851200714707375">
  </testcase>
  <testcase name="test_0003_Can create a recipe instance" classname="Recipe" assertions="1" time="3.9293954614549875e-05">
  </testcase>
  <testcase name="test_0005_Can create a recipe with optional parameters" classname="Recipe" assertions="3" time="6.724597187712789e-05">
  </testcase>
  <testcase name="test_0004_Can create a recipe with optional parameters" classname="Recipe" assertions="2" time="3.696698695421219e-05">
  </testcase>
</testsuite>
